Hmm ... looks like a package
Creating pdf output from LaTeX ...
This is pdfTeX, Version 3.1415926-1.40.11 (TeX Live 2010)
 restricted \write18 enabled.
entering extended mode
(./Rd2.tex
LaTeX2e <2009/09/24>
Babel <v3.8l> and hyphenation patterns for english, dumylang, nohyphenation, ge
rman-x-2009-06-19, ngerman-x-2009-06-19, ancientgreek, ibycus, arabic, armenian
, basque, bulgarian, catalan, pinyin, coptic, croatian, czech, danish, dutch, u
kenglish, usenglishmax, esperanto, estonian, farsi, finnish, french, galician, 
german, ngerman, swissgerman, monogreek, greek, hungarian, icelandic, assamese,
 bengali, gujarati, hindi, kannada, malayalam, marathi, oriya, panjabi, tamil, 
telugu, indonesian, interlingua, irish, italian, kurmanji, lao, latin, latvian,
 lithuanian, mongolian, mongolianlmc, bokmal, nynorsk, polish, portuguese, roma
nian, russian, sanskrit, serbian, slovak, slovenian, spanish, swedish, turkish,
 turkmen, ukrainian, uppersorbian, welsh, loaded.

(/usr/local/texlive/2010/texmf-dist/tex/latex/base/book.cls
Document Class: book 2007/10/19 v1.4h Standard LaTeX document class
(/usr/local/texlive/2010/texmf-dist/tex/latex/base/bk10.clo))
(/Library/Frameworks/R.framework/Resources/share/texmf/Rd.sty
(/usr/local/texlive/2010/texmf-dist/tex/latex/base/ifthen.sty)
(/usr/local/texlive/2010/texmf-dist/tex/latex/tools/longtable.sty)
(/usr/local/texlive/2010/texmf-dist/tex/latex/tools/bm.sty)
(/usr/local/texlive/2010/texmf-dist/tex/latex/base/alltt.sty)
(/usr/local/texlive/2010/texmf-dist/tex/latex/tools/verbatim.sty)
(/usr/local/texlive/2010/texmf-dist/tex/latex/url/url.sty)
(/Library/Frameworks/R.framework/Resources/share/texmf/upquote.sty
(/usr/local/texlive/2010/texmf-dist/tex/latex/base/textcomp.sty
(/usr/local/texlive/2010/texmf-dist/tex/latex/base/ts1enc.def)))
NOT loading ae (/usr/local/texlive/2010/texmf-dist/tex/latex/base/fontenc.sty
(/usr/local/texlive/2010/texmf-dist/tex/latex/base/t1enc.def))
(/usr/local/texlive/2010/texmf-dist/tex/latex/psnfss/times.sty)
NOT loading lmodern
(/usr/local/texlive/2010/texmf-dist/tex/latex/graphics/color.sty
(/usr/local/texlive/2010/texmf-dist/tex/latex/latexconfig/color.cfg)
(/usr/local/texlive/2010/texmf-dist/tex/latex/pdftex-def/pdftex.def))
(/usr/local/texlive/2010/texmf-dist/tex/latex/hyperref/hyperref.sty
(/usr/local/texlive/2010/texmf-dist/tex/generic/oberdiek/ltxcmds.sty)
(/usr/local/texlive/2010/texmf-dist/tex/latex/graphics/keyval.sty)
(/usr/local/texlive/2010/texmf-dist/tex/generic/oberdiek/kvsetkeys.sty
(/usr/local/texlive/2010/texmf-dist/tex/generic/oberdiek/infwarerr.sty)
(/usr/local/texlive/2010/texmf-dist/tex/generic/oberdiek/etexcmds.sty))
(/usr/local/texlive/2010/texmf-dist/tex/generic/oberdiek/pdfescape.sty
(/usr/local/texlive/2010/texmf-dist/tex/generic/oberdiek/pdftexcmds.sty
(/usr/local/texlive/2010/texmf-dist/tex/generic/oberdiek/ifluatex.sty)))
(/usr/local/texlive/2010/texmf-dist/tex/generic/oberdiek/ifpdf.sty)
(/usr/local/texlive/2010/texmf-dist/tex/generic/oberdiek/ifvtex.sty)
(/usr/local/texlive/2010/texmf-dist/tex/generic/ifxetex/ifxetex.sty)
(/usr/local/texlive/2010/texmf-dist/tex/latex/oberdiek/hycolor.sty
(/usr/local/texlive/2010/texmf-dist/tex/latex/oberdiek/xcolor-patch.sty))
(/usr/local/texlive/2010/texmf-dist/tex/latex/oberdiek/letltxmacro.sty)
(/usr/local/texlive/2010/texmf-dist/tex/latex/hyperref/pd1enc.def)
(/usr/local/texlive/2010/texmf-dist/tex/generic/oberdiek/intcalc.sty)
(/usr/local/texlive/2010/texmf-dist/tex/latex/latexconfig/hyperref.cfg)
(/usr/local/texlive/2010/texmf-dist/tex/latex/oberdiek/kvoptions.sty)
Implicit mode ON; LaTeX internals redefined
(/usr/local/texlive/2010/texmf-dist/tex/generic/oberdiek/bitset.sty
(/usr/local/texlive/2010/texmf-dist/tex/generic/oberdiek/bigintcalc.sty))
(/usr/local/texlive/2010/texmf-dist/tex/generic/oberdiek/atbegshi.sty))
* hyperref using default driver hpdftex *
(/usr/local/texlive/2010/texmf-dist/tex/latex/hyperref/hpdftex.def
(/usr/local/texlive/2010/texmf-dist/tex/latex/oberdiek/atveryend.sty)
(/usr/local/texlive/2010/texmf-dist/tex/latex/oberdiek/rerunfilecheck.sty
(/usr/local/texlive/2010/texmf-dist/tex/generic/oberdiek/uniquecounter.sty)))

Package hyperref Warning: Option `hyperindex' has already been used,
(hyperref)                setting the option has no effect on input line 327.


Package hyperref Warning: Option `pagebackref' has already been used,
(hyperref)                setting the option has no effect on input line 327.

) (/usr/local/texlive/2010/texmf-dist/tex/latex/base/makeidx.sty)
(/usr/local/texlive/2010/texmf-dist/tex/latex/base/inputenc.sty
(/usr/local/texlive/2010/texmf-dist/tex/latex/base/utf8.def
(/usr/local/texlive/2010/texmf-dist/tex/latex/base/t1enc.dfu)
(/usr/local/texlive/2010/texmf-dist/tex/latex/base/ot1enc.dfu)
(/usr/local/texlive/2010/texmf-dist/tex/latex/base/omsenc.dfu)
(/usr/local/texlive/2010/texmf-dist/tex/latex/base/ts1enc.dfu))
(/usr/local/texlive/2010/texmf-dist/tex/latex/base/latin1.def))
Writing index file Rd2.idx
No file Rd2.aux.
(/usr/local/texlive/2010/texmf-dist/tex/latex/base/ts1cmr.fd)
(/usr/local/texlive/2010/texmf-dist/tex/latex/psnfss/t1ptm.fd)
(/usr/local/texlive/2010/texmf-dist/tex/context/base/supp-pdf.mkii
[Loading MPS to PDF converter (version 2006.09.02).]
) (/usr/local/texlive/2010/texmf-dist/tex/latex/hyperref/nameref.sty
(/usr/local/texlive/2010/texmf-dist/tex/latex/oberdiek/refcount.sty)
(/usr/local/texlive/2010/texmf-dist/tex/generic/oberdiek/gettitlestring.sty))
(/usr/local/texlive/2010/texmf-dist/tex/latex/psnfss/t1pcr.fd)
(/usr/local/texlive/2010/texmf-dist/tex/latex/psnfss/t1phv.fd)
(/usr/local/texlive/2010/texmf-dist/tex/latex/base/utf8.def)
Underfull \vbox (badness 10000) has occurred while \output is active [1{/usr/lo
cal/texlive/2010/texmf-var/fonts/map/pdftex/updmap/pdftex.map}]
Overfull \hbox (101.58032pt too wide) in paragraph at lines 103--103
 []\T1/pcr/m/n/9 GM<-spregm(log(gsp)~log(pcap)+log(pc)+log(emp)+unemp, data=Pro
duc,w=usaww,method="fulweigh")[] 
(/usr/local/texlive/2010/texmf-dist/tex/latex/base/utf8.def) [2]
(/usr/local/texlive/2010/texmf-dist/tex/latex/psnfss/ts1pcr.fd)
Overfull \hbox (42.78088pt too wide) in paragraph at lines 125--125
 []\T1/pcr/m/n/10 bsjktest(x, data, w, test=c(paste("C",1:3,sep="."),"J"), inde
x=NULL, ...)[] 
(/usr/local/texlive/2010/texmf-dist/tex/latex/base/utf8.def) [3]
Overfull \hbox (138.78088pt too wide) in paragraph at lines 194--194
 []\T1/pcr/m/n/10 bsktest(x, data, w, test=c("SLM1","SLM2","LMJOINT","CLMlambda
","CLMmu"), index=NULL, ...)[] 

Overfull \hbox (1.36067pt too wide) in paragraph at lines 209--210
[]\T1/ptm/m/n/10 one of \T1/pcr/m/n/10 c("SLM1","SLM2","LMJOINT","CLMlambda","C
LMmu")\T1/ptm/m/n/10 , the
[4]
Overfull \hbox (85.38034pt too wide) in paragraph at lines 242--242
 []\T1/pcr/m/n/9 ml2 <- spfeml(fm, data = Produc, , mat2listw(usaww), model = "
error", effects = "pooled")[] 

Overfull \hbox (25.98041pt too wide) in paragraph at lines 244--244
 []\T1/pcr/m/n/9 test5bis<-bsktest(ml2, w=mat2listw(usaww),index=Produc[,c(1,2)
] ,test="CLMmu")[] 
(/usr/local/texlive/2010/texmf-dist/tex/latex/base/utf8.def) [5]
Overfull \hbox (198.78021pt too wide) in paragraph at lines 315--315
 []\T1/pcr/m/n/9 lag <- spfeml(fm, data = Produc, listw = mat2listw(usaww), eff
ects = "sptpfe", method = "eigen", quiet = TRUE)[] 

Overfull \hbox (279.78012pt too wide) in paragraph at lines 319--319
 []\T1/pcr/m/n/9 err <- spfeml(fm, data = Produc, listw = mat2listw(usaww), mod
el = "error", effects = "tpfe", method = "eigen", quiet = TRUE)[] 
(/usr/local/texlive/2010/texmf-dist/tex/latex/base/utf8.def) [6]
(/usr/local/texlive/2010/texmf-dist/tex/latex/base/utf8.def)
Overfull \hbox (198.78021pt too wide) in paragraph at lines 412--412
 []\T1/pcr/m/n/9 lag <- spfeml(fm, data = Produc, listw = mat2listw(usaww), eff
ects = "sptpfe", method = "eigen", quiet = TRUE)[] 

Overfull \hbox (279.78012pt too wide) in paragraph at lines 416--416
 []\T1/pcr/m/n/9 err <- spfeml(fm, data = Produc, listw = mat2listw(usaww), mod
el = "error", effects = "tpfe", method = "eigen", quiet = TRUE)[] 
[7] (/usr/local/texlive/2010/texmf-dist/tex/latex/base/utf8.def)
Overfull \hbox (15.02956pt too wide) in paragraph at lines 461--462
[]\T1/ptm/m/n/10 Giovanni Millo \T1/pcr/m/n/10 <Giovanni\_Millo@Generali.com>\T
1/ptm/m/n/10 , Gi-an-franco Pi-ras\T1/pcr/m/n/10 <gpiras@mac.com> 

Overfull \hbox (101.58032pt too wide) in paragraph at lines 473--473
 []\T1/pcr/m/n/9 GM<-spregm(log(gsp)~log(pcap)+log(pc)+log(emp)+unemp, data=Pro
duc,w=usaww,method="fulweigh")[] 
(/usr/local/texlive/2010/texmf-dist/tex/latex/base/utf8.def) [8]
Overfull \hbox (786.78088pt too wide) in paragraph at lines 497--497
 []\T1/pcr/m/n/10 spfegm(formula, data=list(), index=NULL, w, method = c("init"
,"fulweigh"), effects=c(\TS1/pcr/m/n/10 '\T1/pcr/m/n/10 pooled\TS1/pcr/m/n/10 '
\T1/pcr/m/n/10 ,\TS1/pcr/m/n/10 '\T1/pcr/m/n/10 spfe\TS1/pcr/m/n/10 '\T1/pcr/m/
n/10 ,\TS1/pcr/m/n/10 '\T1/pcr/m/n/10 tpfe\TS1/pcr/m/n/10 '\T1/pcr/m/n/10 ,\TS1
/pcr/m/n/10 '\T1/pcr/m/n/10 sptpfe\TS1/pcr/m/n/10 '\T1/pcr/m/n/10 ), lag=FALSE,
 endog = NULL, instruments= NULL, verbose = FALSE, control = list())[] 

Overfull \hbox (1.10857pt too wide) in paragraph at lines 512--515
\T1/ptm/m/n/10 (only spa-tial fixed ef-fects), \T1/pcr/m/n/10 "tpfe" \T1/ptm/m/
n/10 (only time pe-riod fixed ef-fects), \T1/pcr/m/n/10 "sptpfe"
[9]
Overfull \hbox (258.18015pt too wide) in paragraph at lines 579--579
 []\T1/pcr/m/n/9 GM<-spfegm(log(gsp)~log(pcap)+log(pc)+log(emp)+unemp-1, data=P
roduc,w=usaww,method="fulweigh", effects=\TS1/pcr/m/n/9 '\T1/pcr/m/n/9 spfe\TS1
/pcr/m/n/9 '\T1/pcr/m/n/9 , lag=FALSE)[] 
(/usr/local/texlive/2010/texmf-dist/tex/latex/base/utf8.def) [10]
Overfull \hbox (1068.78088pt too wide) in paragraph at lines 594--594
 []\T1/pcr/m/n/10 spfeml(formula, data=list(), index=NULL,listw, model=c("lag",
"error"),effects=c(\TS1/pcr/m/n/10 '\T1/pcr/m/n/10 pooled\TS1/pcr/m/n/10 '\T1/p
cr/m/n/10 ,\TS1/pcr/m/n/10 '\T1/pcr/m/n/10 spfe\TS1/pcr/m/n/10 '\T1/pcr/m/n/10 
,\TS1/pcr/m/n/10 '\T1/pcr/m/n/10 tpfe\TS1/pcr/m/n/10 '\T1/pcr/m/n/10 ,\TS1/pcr/
m/n/10 '\T1/pcr/m/n/10 sptpfe\TS1/pcr/m/n/10 '\T1/pcr/m/n/10 ), method="eigen",
na.action=na.fail,quiet=TRUE,zero.policy = NULL,interval = NULL, tol.solve = 1e
-10, control=list(), legacy = FALSE)[] 

Overfull \hbox (1.10857pt too wide) in paragraph at lines 606--609
\T1/ptm/m/n/10 (only spa-tial fixed ef-fects), \T1/pcr/m/n/10 "tpfe" \T1/ptm/m/
n/10 (only time pe-riod fixed ef-fects), \T1/pcr/m/n/10 "sptpfe"

Overfull \hbox (5.36469pt too wide) in paragraph at lines 631--634
[]\T1/ptm/m/n/10 respectively, where $\OML/cmm/m/it/10 ^^U$ \T1/ptm/m/n/10 is t
he spa-tial au-to-cor-re-la-tion co-ef-fi-cient. Both $\OML/cmm/m/it/10 ^^Z$ \T
1/ptm/m/n/10 and $\OML/cmm/m/it/10 ^^U$ \T1/ptm/m/n/10 are found by [][]\T1/pcr
/m/n/10 optimize[][][]\T1/ptm/m/n/10 ,
[11] [12]
Overfull \hbox (198.78021pt too wide) in paragraph at lines 708--708
 []\T1/pcr/m/n/9 lag <- spfeml(fm, data = Produc, listw = mat2listw(usaww), eff
ects = "sptpfe", method = "eigen", quiet = TRUE)[] 

Overfull \hbox (279.78012pt too wide) in paragraph at lines 711--711
 []\T1/pcr/m/n/9 err <- spfeml(fm, data = Produc, listw = mat2listw(usaww), mod
el = "error", effects = "tpfe", method = "eigen", quiet = TRUE)[] 
(/usr/local/texlive/2010/texmf-dist/tex/latex/base/utf8.def)
Overfull \hbox (582.78088pt too wide) in paragraph at lines 738--738
 []\T1/pcr/m/n/10 spregm(formula, data=list(), index=NULL, w, method = c("init"
, "weigh", "fulweigh"), lag=FALSE, endog = NULL, instruments= NULL, verbose = F
ALSE, control = list())[] 
[13] [14]
Overfull \hbox (101.58032pt too wide) in paragraph at lines 827--827
 []\T1/pcr/m/n/9 GM<-spregm(log(gsp)~log(pcap)+log(pc)+log(emp)+unemp, data=Pro
duc,w=usaww,method="fulweigh")[] 
(/usr/local/texlive/2010/texmf-dist/tex/latex/base/utf8.def)
Overfull \hbox (36.78088pt too wide) in paragraph at lines 859--859
 []           \T1/pcr/m/n/10 errors = c("semsrre","semsr","srre","semre","re","
sr","sem"),[] 
[15]
Overfull \hbox (17.12082pt too wide) in paragraph at lines 875--876
[]\T1/ptm/m/n/10 one of \T1/pcr/m/n/10 c("semsrre","semsr","srre","semre","re",
"sr","sem")\T1/ptm/m/n/10 .
[16] (/usr/local/texlive/2010/texmf-dist/tex/latex/base/utf8.def)
Overfull \hbox (114.78088pt too wide) in paragraph at lines 975--975
 []\T1/pcr/m/n/10 w, method=\TS1/pcr/m/n/10 '\T1/pcr/m/n/10 spatialsim\TS1/pcr/
m/n/10 '\T1/pcr/m/n/10 , lags=NULL, errors=NULL, endogenous=NULL, zero.policy =
 FALSE)[] 
[17]
Overfull \hbox (8.2491pt too wide) in paragraph at lines 1016--1019
\T1/ptm/m/n/10 num-ber of ex-plana-tory vari-ables in each equa-tion only when 
\T1/pcr/m/n/10 spec="default"\T1/ptm/m/n/10 ) 
[18]
Overfull \hbox (808.97952pt too wide) in paragraph at lines 1061--1061
 []\T1/pcr/m/n/9 se<-spsegm(formula, data=Produc, w=w, panel= TRUE,lags=list(c(
TRUE,TRUE,TRUE),c(TRUE,TRUE,TRUE),c(TRUE,TRUE,TRUE)), errors=list(FALSE,TRUE,FA
LSE),endogenous=list(c(FALSE,TRUE,FALSE),c(TRUE,FALSE,FALSE),c(TRUE,FALSE,FALSE
)))[] 
(/usr/local/texlive/2010/texmf-dist/tex/latex/base/utf8.def)
Overfull \hbox (6.78088pt too wide) in paragraph at lines 1083--1083
 []\T1/pcr/m/n/10 spseml(formula, data=list(),panel=TRUE,index=NULL,w,method="e
igen",[] 

Overfull \hbox (378.78088pt too wide) in paragraph at lines 1084--1084
 []\T1/pcr/m/n/10 quiet=NULL, model = c("lag","error"), zero.policy=NULL, inter
val=NULL, tol.solve=1.0e-10, trs=NULL, control=list(), initval=NULL)[] 
[19] [20]
Overfull \hbox (150.18027pt too wide) in paragraph at lines 1167--1167
 []\T1/pcr/m/n/9 sur.error<-spseml(formula, data = Produc, w = listw, model = "
error", method = "eigen", quiet = TRUE)[] 

Overfull \hbox (133.98029pt too wide) in paragraph at lines 1169--1169
 []\T1/pcr/m/n/9 sur.lag<-spseml(formula, data = Produc, w = listw, model = "la
g", method = "eigen", quiet = FALSE)[] 
(/usr/local/texlive/2010/texmf-dist/tex/latex/base/utf8.def) [21]
Overfull \hbox (15.02956pt too wide) in paragraph at lines 1217--1218
[]\T1/ptm/m/n/10 Giovanni Millo \T1/pcr/m/n/10 <Giovanni\_Millo@Generali.com>\T
1/ptm/m/n/10 , Gi-an-franco Pi-ras\T1/pcr/m/n/10 <gpiras@mac.com> 

Overfull \hbox (101.58032pt too wide) in paragraph at lines 1230--1230
 []\T1/pcr/m/n/9 GM<-spregm(log(gsp)~log(pcap)+log(pc)+log(emp)+unemp, data=Pro
duc,w=usaww,method="fulweigh")[] 
(/usr/local/texlive/2010/texmf-dist/tex/latex/base/utf8.def)
(/usr/local/texlive/2010/texmf-dist/tex/latex/base/utf8.def)
Overfull \hbox (12.78088pt too wide) in paragraph at lines 1263--1263
 []\T1/pcr/m/n/10 write(x, file = "effects", ncolumns = if (is.character(x)) 1 
else 5,[] 
[22]
Overfull \hbox (198.78021pt too wide) in paragraph at lines 1310--1310
 []\T1/pcr/m/n/9 lag <- spfeml(fm, data = Produc, listw = mat2listw(usaww), eff
ects = "sptpfe", method = "eigen", quiet = TRUE)[] 

Overfull \hbox (279.78012pt too wide) in paragraph at lines 1313--1313
 []\T1/pcr/m/n/9 err <- spfeml(fm, data = Produc, listw = mat2listw(usaww), mod
el = "error", effects = "tpfe", method = "eigen", quiet = TRUE)[] 
No file Rd2.ind.
[23] (./Rd2.aux)

Package rerunfilecheck Warning: File `Rd2.out' has changed.
(rerunfilecheck)                Rerun to get outlines right
(rerunfilecheck)                or use package `bookmark'.

 )
(see the transcript file for additional information)pdfTeX warning (dest): name
{Rfn.nlminb} has been referenced but does not exist, replaced by a fixed one

pdfTeX warning (dest): name{Rfn.effects} has been referenced but does not exist
, replaced by a fixed one

pdfTeX warning (dest): name{Rfn.optimize} has been referenced but does not exis
t, replaced by a fixed one

pdfTeX warning (dest): name{Rfn.Matrix} has been referenced but does not exist,
 replaced by a fixed one

pdfTeX warning (dest): name{Rfn.print.default} has been referenced but does not
 exist, replaced by a fixed one

pdfTeX warning (dest): name{Rfn.data.frame} has been referenced but does not ex
ist, replaced by a fixed one

{/usr/local/texlive/2010/texmf-dist/fonts/enc/dvips/base/8r.enc}</usr/local/tex
live/2010/texmf-dist/fonts/type1/public/amsfonts/cm/cmex10.pfb></usr/local/texl
ive/2010/texmf-dist/fonts/type1/public/amsfonts/cm/cmmi10.pfb></usr/local/texli
ve/2010/texmf-dist/fonts/type1/public/amsfonts/cm/cmmi7.pfb></usr/local/texlive
/2010/texmf-dist/fonts/type1/public/amsfonts/cm/cmr10.pfb></usr/local/texlive/2
010/texmf-dist/fonts/type1/public/amsfonts/cm/cmr7.pfb></usr/local/texlive/2010
/texmf-dist/fonts/type1/public/amsfonts/cm/cmsy10.pfb></usr/local/texlive/2010/
texmf-dist/fonts/type1/public/amsfonts/cm/cmsy7.pfb></usr/local/texlive/2010/te
xmf-dist/fonts/type1/urw/courier/ucrr8a.pfb></usr/local/texlive/2010/texmf-dist
/fonts/type1/urw/helvetic/uhvr8a.pfb></usr/local/texlive/2010/texmf-dist/fonts/
type1/urw/times/utmb8a.pfb></usr/local/texlive/2010/texmf-dist/fonts/type1/urw/
times/utmr8a.pfb></usr/local/texlive/2010/texmf-dist/fonts/type1/urw/times/utmr
8a.pfb></usr/local/texlive/2010/texmf-dist/fonts/type1/urw/times/utmri8a.pfb>
Output written on Rd2.pdf (23 pages, 188918 bytes).
Transcript written on Rd2.log.
This is makeindex, version 2.15 [TeX Live 2010] (kpathsea + Thai support).
Scanning input file Rd2.idx....done (94 entries accepted, 0 rejected).
Sorting entries....done (659 comparisons).
Generating output file Rd2.ind....done (117 lines written, 2 warnings).
Output written in Rd2.ind.
Transcript written in Rd2.ilg.
This is pdfTeX, Version 3.1415926-1.40.11 (TeX Live 2010)
 restricted \write18 enabled.
entering extended mode
(./Rd2.tex
LaTeX2e <2009/09/24>
Babel <v3.8l> and hyphenation patterns for english, dumylang, nohyphenation, ge
rman-x-2009-06-19, ngerman-x-2009-06-19, ancientgreek, ibycus, arabic, armenian
, basque, bulgarian, catalan, pinyin, coptic, croatian, czech, danish, dutch, u
kenglish, usenglishmax, esperanto, estonian, farsi, finnish, french, galician, 
german, ngerman, swissgerman, monogreek, greek, hungarian, icelandic, assamese,
 bengali, gujarati, hindi, kannada, malayalam, marathi, oriya, panjabi, tamil, 
telugu, indonesian, interlingua, irish, italian, kurmanji, lao, latin, latvian,
 lithuanian, mongolian, mongolianlmc, bokmal, nynorsk, polish, portuguese, roma
nian, russian, sanskrit, serbian, slovak, slovenian, spanish, swedish, turkish,
 turkmen, ukrainian, uppersorbian, welsh, loaded.

(/usr/local/texlive/2010/texmf-dist/tex/latex/base/book.cls
Document Class: book 2007/10/19 v1.4h Standard LaTeX document class
(/usr/local/texlive/2010/texmf-dist/tex/latex/base/bk10.clo))
(/Library/Frameworks/R.framework/Resources/share/texmf/Rd.sty
(/usr/local/texlive/2010/texmf-dist/tex/latex/base/ifthen.sty)
(/usr/local/texlive/2010/texmf-dist/tex/latex/tools/longtable.sty)
(/usr/local/texlive/2010/texmf-dist/tex/latex/tools/bm.sty)
(/usr/local/texlive/2010/texmf-dist/tex/latex/base/alltt.sty)
(/usr/local/texlive/2010/texmf-dist/tex/latex/tools/verbatim.sty)
(/usr/local/texlive/2010/texmf-dist/tex/latex/url/url.sty)
(/Library/Frameworks/R.framework/Resources/share/texmf/upquote.sty
(/usr/local/texlive/2010/texmf-dist/tex/latex/base/textcomp.sty
(/usr/local/texlive/2010/texmf-dist/tex/latex/base/ts1enc.def)))
NOT loading ae (/usr/local/texlive/2010/texmf-dist/tex/latex/base/fontenc.sty
(/usr/local/texlive/2010/texmf-dist/tex/latex/base/t1enc.def))
(/usr/local/texlive/2010/texmf-dist/tex/latex/psnfss/times.sty)
NOT loading lmodern
(/usr/local/texlive/2010/texmf-dist/tex/latex/graphics/color.sty
(/usr/local/texlive/2010/texmf-dist/tex/latex/latexconfig/color.cfg)
(/usr/local/texlive/2010/texmf-dist/tex/latex/pdftex-def/pdftex.def))
(/usr/local/texlive/2010/texmf-dist/tex/latex/hyperref/hyperref.sty
(/usr/local/texlive/2010/texmf-dist/tex/generic/oberdiek/ltxcmds.sty)
(/usr/local/texlive/2010/texmf-dist/tex/latex/graphics/keyval.sty)
(/usr/local/texlive/2010/texmf-dist/tex/generic/oberdiek/kvsetkeys.sty
(/usr/local/texlive/2010/texmf-dist/tex/generic/oberdiek/infwarerr.sty)
(/usr/local/texlive/2010/texmf-dist/tex/generic/oberdiek/etexcmds.sty))
(/usr/local/texlive/2010/texmf-dist/tex/generic/oberdiek/pdfescape.sty
(/usr/local/texlive/2010/texmf-dist/tex/generic/oberdiek/pdftexcmds.sty
(/usr/local/texlive/2010/texmf-dist/tex/generic/oberdiek/ifluatex.sty)))
(/usr/local/texlive/2010/texmf-dist/tex/generic/oberdiek/ifpdf.sty)
(/usr/local/texlive/2010/texmf-dist/tex/generic/oberdiek/ifvtex.sty)
(/usr/local/texlive/2010/texmf-dist/tex/generic/ifxetex/ifxetex.sty)
(/usr/local/texlive/2010/texmf-dist/tex/latex/oberdiek/hycolor.sty
(/usr/local/texlive/2010/texmf-dist/tex/latex/oberdiek/xcolor-patch.sty))
(/usr/local/texlive/2010/texmf-dist/tex/latex/oberdiek/letltxmacro.sty)
(/usr/local/texlive/2010/texmf-dist/tex/latex/hyperref/pd1enc.def)
(/usr/local/texlive/2010/texmf-dist/tex/generic/oberdiek/intcalc.sty)
(/usr/local/texlive/2010/texmf-dist/tex/latex/latexconfig/hyperref.cfg)
(/usr/local/texlive/2010/texmf-dist/tex/latex/oberdiek/kvoptions.sty)
Implicit mode ON; LaTeX internals redefined
(/usr/local/texlive/2010/texmf-dist/tex/generic/oberdiek/bitset.sty
(/usr/local/texlive/2010/texmf-dist/tex/generic/oberdiek/bigintcalc.sty))
(/usr/local/texlive/2010/texmf-dist/tex/generic/oberdiek/atbegshi.sty))
* hyperref using default driver hpdftex *
(/usr/local/texlive/2010/texmf-dist/tex/latex/hyperref/hpdftex.def
(/usr/local/texlive/2010/texmf-dist/tex/latex/oberdiek/atveryend.sty)
(/usr/local/texlive/2010/texmf-dist/tex/latex/oberdiek/rerunfilecheck.sty
(/usr/local/texlive/2010/texmf-dist/tex/generic/oberdiek/uniquecounter.sty)))

Package hyperref Warning: Option `hyperindex' has already been used,
(hyperref)                setting the option has no effect on input line 327.


Package hyperref Warning: Option `pagebackref' has already been used,
(hyperref)                setting the option has no effect on input line 327.

) (/usr/local/texlive/2010/texmf-dist/tex/latex/base/makeidx.sty)
(/usr/local/texlive/2010/texmf-dist/tex/latex/base/inputenc.sty
(/usr/local/texlive/2010/texmf-dist/tex/latex/base/utf8.def
(/usr/local/texlive/2010/texmf-dist/tex/latex/base/t1enc.dfu)
(/usr/local/texlive/2010/texmf-dist/tex/latex/base/ot1enc.dfu)
(/usr/local/texlive/2010/texmf-dist/tex/latex/base/omsenc.dfu)
(/usr/local/texlive/2010/texmf-dist/tex/latex/base/ts1enc.dfu))
(/usr/local/texlive/2010/texmf-dist/tex/latex/base/latin1.def))
Writing index file Rd2.idx
(./Rd2.aux) (/usr/local/texlive/2010/texmf-dist/tex/latex/base/ts1cmr.fd)
(/usr/local/texlive/2010/texmf-dist/tex/latex/psnfss/t1ptm.fd)
(/usr/local/texlive/2010/texmf-dist/tex/context/base/supp-pdf.mkii
[Loading MPS to PDF converter (version 2006.09.02).]
) (/usr/local/texlive/2010/texmf-dist/tex/latex/hyperref/nameref.sty
(/usr/local/texlive/2010/texmf-dist/tex/latex/oberdiek/refcount.sty)
(/usr/local/texlive/2010/texmf-dist/tex/generic/oberdiek/gettitlestring.sty))
(./Rd2.out) (./Rd2.out)
(/usr/local/texlive/2010/texmf-dist/tex/latex/psnfss/t1pcr.fd)
(/usr/local/texlive/2010/texmf-dist/tex/latex/psnfss/t1phv.fd) (./Rd2.toc)
(/usr/local/texlive/2010/texmf-dist/tex/latex/base/utf8.def) [1{/usr/local/texl
ive/2010/texmf-var/fonts/map/pdftex/updmap/pdftex.map}] [2]
Overfull \hbox (101.58032pt too wide) in paragraph at lines 103--103
 []\T1/pcr/m/n/9 GM<-spregm(log(gsp)~log(pcap)+log(pc)+log(emp)+unemp, data=Pro
duc,w=usaww,method="fulweigh")[] 
(/usr/local/texlive/2010/texmf-dist/tex/latex/base/utf8.def)
(/usr/local/texlive/2010/texmf-dist/tex/latex/psnfss/ts1pcr.fd)
Overfull \hbox (42.78088pt too wide) in paragraph at lines 125--125
 []\T1/pcr/m/n/10 bsjktest(x, data, w, test=c(paste("C",1:3,sep="."),"J"), inde
x=NULL, ...)[] 
[3] (/usr/local/texlive/2010/texmf-dist/tex/latex/base/utf8.def)
Overfull \hbox (138.78088pt too wide) in paragraph at lines 194--194
 []\T1/pcr/m/n/10 bsktest(x, data, w, test=c("SLM1","SLM2","LMJOINT","CLMlambda
","CLMmu"), index=NULL, ...)[] 

Overfull \hbox (1.36067pt too wide) in paragraph at lines 209--210
[]\T1/ptm/m/n/10 one of \T1/pcr/m/n/10 c("SLM1","SLM2","LMJOINT","CLMlambda","C
LMmu")\T1/ptm/m/n/10 , the
[4]
Overfull \hbox (85.38034pt too wide) in paragraph at lines 242--242
 []\T1/pcr/m/n/9 ml2 <- spfeml(fm, data = Produc, , mat2listw(usaww), model = "
error", effects = "pooled")[] 

Overfull \hbox (25.98041pt too wide) in paragraph at lines 244--244
 []\T1/pcr/m/n/9 test5bis<-bsktest(ml2, w=mat2listw(usaww),index=Produc[,c(1,2)
] ,test="CLMmu")[] 
(/usr/local/texlive/2010/texmf-dist/tex/latex/base/utf8.def) [5]
Overfull \hbox (198.78021pt too wide) in paragraph at lines 315--315
 []\T1/pcr/m/n/9 lag <- spfeml(fm, data = Produc, listw = mat2listw(usaww), eff
ects = "sptpfe", method = "eigen", quiet = TRUE)[] 

Overfull \hbox (279.78012pt too wide) in paragraph at lines 319--319
 []\T1/pcr/m/n/9 err <- spfeml(fm, data = Produc, listw = mat2listw(usaww), mod
el = "error", effects = "tpfe", method = "eigen", quiet = TRUE)[] 
(/usr/local/texlive/2010/texmf-dist/tex/latex/base/utf8.def) [6]
(/usr/local/texlive/2010/texmf-dist/tex/latex/base/utf8.def) [7]
Overfull \hbox (198.78021pt too wide) in paragraph at lines 412--412
 []\T1/pcr/m/n/9 lag <- spfeml(fm, data = Produc, listw = mat2listw(usaww), eff
ects = "sptpfe", method = "eigen", quiet = TRUE)[] 

Overfull \hbox (279.78012pt too wide) in paragraph at lines 416--416
 []\T1/pcr/m/n/9 err <- spfeml(fm, data = Produc, listw = mat2listw(usaww), mod
el = "error", effects = "tpfe", method = "eigen", quiet = TRUE)[] 
(/usr/local/texlive/2010/texmf-dist/tex/latex/base/utf8.def)
Overfull \hbox (15.02956pt too wide) in paragraph at lines 461--462
[]\T1/ptm/m/n/10 Giovanni Millo \T1/pcr/m/n/10 <Giovanni\_Millo@Generali.com>\T
1/ptm/m/n/10 , Gi-an-franco Pi-ras\T1/pcr/m/n/10 <gpiras@mac.com> 
[8]
Overfull \hbox (101.58032pt too wide) in paragraph at lines 473--473
 []\T1/pcr/m/n/9 GM<-spregm(log(gsp)~log(pcap)+log(pc)+log(emp)+unemp, data=Pro
duc,w=usaww,method="fulweigh")[] 
(/usr/local/texlive/2010/texmf-dist/tex/latex/base/utf8.def)
Overfull \hbox (786.78088pt too wide) in paragraph at lines 497--497
 []\T1/pcr/m/n/10 spfegm(formula, data=list(), index=NULL, w, method = c("init"
,"fulweigh"), effects=c(\TS1/pcr/m/n/10 '\T1/pcr/m/n/10 pooled\TS1/pcr/m/n/10 '
\T1/pcr/m/n/10 ,\TS1/pcr/m/n/10 '\T1/pcr/m/n/10 spfe\TS1/pcr/m/n/10 '\T1/pcr/m/
n/10 ,\TS1/pcr/m/n/10 '\T1/pcr/m/n/10 tpfe\TS1/pcr/m/n/10 '\T1/pcr/m/n/10 ,\TS1
/pcr/m/n/10 '\T1/pcr/m/n/10 sptpfe\TS1/pcr/m/n/10 '\T1/pcr/m/n/10 ), lag=FALSE,
 endog = NULL, instruments= NULL, verbose = FALSE, control = list())[] 

Overfull \hbox (1.10857pt too wide) in paragraph at lines 512--515
\T1/ptm/m/n/10 (only spa-tial fixed ef-fects), \T1/pcr/m/n/10 "tpfe" \T1/ptm/m/
n/10 (only time pe-riod fixed ef-fects), \T1/pcr/m/n/10 "sptpfe"
[9]
Overfull \hbox (258.18015pt too wide) in paragraph at lines 579--579
 []\T1/pcr/m/n/9 GM<-spfegm(log(gsp)~log(pcap)+log(pc)+log(emp)+unemp-1, data=P
roduc,w=usaww,method="fulweigh", effects=\TS1/pcr/m/n/9 '\T1/pcr/m/n/9 spfe\TS1
/pcr/m/n/9 '\T1/pcr/m/n/9 , lag=FALSE)[] 
[10] (/usr/local/texlive/2010/texmf-dist/tex/latex/base/utf8.def)
Overfull \hbox (1068.78088pt too wide) in paragraph at lines 594--594
 []\T1/pcr/m/n/10 spfeml(formula, data=list(), index=NULL,listw, model=c("lag",
"error"),effects=c(\TS1/pcr/m/n/10 '\T1/pcr/m/n/10 pooled\TS1/pcr/m/n/10 '\T1/p
cr/m/n/10 ,\TS1/pcr/m/n/10 '\T1/pcr/m/n/10 spfe\TS1/pcr/m/n/10 '\T1/pcr/m/n/10 
,\TS1/pcr/m/n/10 '\T1/pcr/m/n/10 tpfe\TS1/pcr/m/n/10 '\T1/pcr/m/n/10 ,\TS1/pcr/
m/n/10 '\T1/pcr/m/n/10 sptpfe\TS1/pcr/m/n/10 '\T1/pcr/m/n/10 ), method="eigen",
na.action=na.fail,quiet=TRUE,zero.policy = NULL,interval = NULL, tol.solve = 1e
-10, control=list(), legacy = FALSE)[] 

Overfull \hbox (1.10857pt too wide) in paragraph at lines 606--609
\T1/ptm/m/n/10 (only spa-tial fixed ef-fects), \T1/pcr/m/n/10 "tpfe" \T1/ptm/m/
n/10 (only time pe-riod fixed ef-fects), \T1/pcr/m/n/10 "sptpfe"
[11]
Overfull \hbox (5.36469pt too wide) in paragraph at lines 631--634
[]\T1/ptm/m/n/10 respectively, where $\OML/cmm/m/it/10 ^^U$ \T1/ptm/m/n/10 is t
he spa-tial au-to-cor-re-la-tion co-ef-fi-cient. Both $\OML/cmm/m/it/10 ^^Z$ \T
1/ptm/m/n/10 and $\OML/cmm/m/it/10 ^^U$ \T1/ptm/m/n/10 are found by [][]\T1/pcr
/m/n/10 optimize[][][]\T1/ptm/m/n/10 ,
[12]
Overfull \hbox (198.78021pt too wide) in paragraph at lines 708--708
 []\T1/pcr/m/n/9 lag <- spfeml(fm, data = Produc, listw = mat2listw(usaww), eff
ects = "sptpfe", method = "eigen", quiet = TRUE)[] 

Overfull \hbox (279.78012pt too wide) in paragraph at lines 711--711
 []\T1/pcr/m/n/9 err <- spfeml(fm, data = Produc, listw = mat2listw(usaww), mod
el = "error", effects = "tpfe", method = "eigen", quiet = TRUE)[] 
(/usr/local/texlive/2010/texmf-dist/tex/latex/base/utf8.def)
Overfull \hbox (582.78088pt too wide) in paragraph at lines 738--738
 []\T1/pcr/m/n/10 spregm(formula, data=list(), index=NULL, w, method = c("init"
, "weigh", "fulweigh"), lag=FALSE, endog = NULL, instruments= NULL, verbose = F
ALSE, control = list())[] 
[13] [14]
Overfull \hbox (101.58032pt too wide) in paragraph at lines 827--827
 []\T1/pcr/m/n/9 GM<-spregm(log(gsp)~log(pcap)+log(pc)+log(emp)+unemp, data=Pro
duc,w=usaww,method="fulweigh")[] 
(/usr/local/texlive/2010/texmf-dist/tex/latex/base/utf8.def)
Overfull \hbox (36.78088pt too wide) in paragraph at lines 859--859
 []           \T1/pcr/m/n/10 errors = c("semsrre","semsr","srre","semre","re","
sr","sem"),[] 
[15]
Overfull \hbox (17.12082pt too wide) in paragraph at lines 875--876
[]\T1/ptm/m/n/10 one of \T1/pcr/m/n/10 c("semsrre","semsr","srre","semre","re",
"sr","sem")\T1/ptm/m/n/10 .
[16] (/usr/local/texlive/2010/texmf-dist/tex/latex/base/utf8.def) [17]
Overfull \hbox (114.78088pt too wide) in paragraph at lines 975--975
 []\T1/pcr/m/n/10 w, method=\TS1/pcr/m/n/10 '\T1/pcr/m/n/10 spatialsim\TS1/pcr/
m/n/10 '\T1/pcr/m/n/10 , lags=NULL, errors=NULL, endogenous=NULL, zero.policy =
 FALSE)[] 

Overfull \hbox (8.2491pt too wide) in paragraph at lines 1016--1019
\T1/ptm/m/n/10 num-ber of ex-plana-tory vari-ables in each equa-tion only when 
\T1/pcr/m/n/10 spec="default"\T1/ptm/m/n/10 ) 
[18]
Overfull \hbox (808.97952pt too wide) in paragraph at lines 1061--1061
 []\T1/pcr/m/n/9 se<-spsegm(formula, data=Produc, w=w, panel= TRUE,lags=list(c(
TRUE,TRUE,TRUE),c(TRUE,TRUE,TRUE),c(TRUE,TRUE,TRUE)), errors=list(FALSE,TRUE,FA
LSE),endogenous=list(c(FALSE,TRUE,FALSE),c(TRUE,FALSE,FALSE),c(TRUE,FALSE,FALSE
)))[] 
(/usr/local/texlive/2010/texmf-dist/tex/latex/base/utf8.def)
Overfull \hbox (6.78088pt too wide) in paragraph at lines 1083--1083
 []\T1/pcr/m/n/10 spseml(formula, data=list(),panel=TRUE,index=NULL,w,method="e
igen",[] 

Overfull \hbox (378.78088pt too wide) in paragraph at lines 1084--1084
 []\T1/pcr/m/n/10 quiet=NULL, model = c("lag","error"), zero.policy=NULL, inter
val=NULL, tol.solve=1.0e-10, trs=NULL, control=list(), initval=NULL)[] 
[19] [20]
Overfull \hbox (150.18027pt too wide) in paragraph at lines 1167--1167
 []\T1/pcr/m/n/9 sur.error<-spseml(formula, data = Produc, w = listw, model = "
error", method = "eigen", quiet = TRUE)[] 

Overfull \hbox (133.98029pt too wide) in paragraph at lines 1169--1169
 []\T1/pcr/m/n/9 sur.lag<-spseml(formula, data = Produc, w = listw, model = "la
g", method = "eigen", quiet = FALSE)[] 
(/usr/local/texlive/2010/texmf-dist/tex/latex/base/utf8.def) [21]
Overfull \hbox (15.02956pt too wide) in paragraph at lines 1217--1218
[]\T1/ptm/m/n/10 Giovanni Millo \T1/pcr/m/n/10 <Giovanni\_Millo@Generali.com>\T
1/ptm/m/n/10 , Gi-an-franco Pi-ras\T1/pcr/m/n/10 <gpiras@mac.com> 

Overfull \hbox (101.58032pt too wide) in paragraph at lines 1230--1230
 []\T1/pcr/m/n/9 GM<-spregm(log(gsp)~log(pcap)+log(pc)+log(emp)+unemp, data=Pro
duc,w=usaww,method="fulweigh")[] 
(/usr/local/texlive/2010/texmf-dist/tex/latex/base/utf8.def)
(/usr/local/texlive/2010/texmf-dist/tex/latex/base/utf8.def)
Overfull \hbox (12.78088pt too wide) in paragraph at lines 1263--1263
 []\T1/pcr/m/n/10 write(x, file = "effects", ncolumns = if (is.character(x)) 1 
else 5,[] 
[22]
Overfull \hbox (198.78021pt too wide) in paragraph at lines 1310--1310
 []\T1/pcr/m/n/9 lag <- spfeml(fm, data = Produc, listw = mat2listw(usaww), eff
ects = "sptpfe", method = "eigen", quiet = TRUE)[] 

Overfull \hbox (279.78012pt too wide) in paragraph at lines 1313--1313
 []\T1/pcr/m/n/9 err <- spfeml(fm, data = Produc, listw = mat2listw(usaww), mod
el = "error", effects = "tpfe", method = "eigen", quiet = TRUE)[] 
[23] (./Rd2.ind [24] [25]) (./Rd2.aux)

Package rerunfilecheck Warning: File `Rd2.out' has changed.
(rerunfilecheck)                Rerun to get outlines right
(rerunfilecheck)                or use package `bookmark'.

 )
(see the transcript file for additional information)pdfTeX warning (dest): name
{Rfn.nlminb} has been referenced but does not exist, replaced by a fixed one

pdfTeX warning (dest): name{Rfn.effects} has been referenced but does not exist
, replaced by a fixed one

pdfTeX warning (dest): name{Rfn.optimize} has been referenced but does not exis
t, replaced by a fixed one

pdfTeX warning (dest): name{Rfn.Matrix} has been referenced but does not exist,
 replaced by a fixed one

pdfTeX warning (dest): name{Rfn.print.default} has been referenced but does not
 exist, replaced by a fixed one

pdfTeX warning (dest): name{Rfn.data.frame} has been referenced but does not ex
ist, replaced by a fixed one

{/usr/local/texlive/2010/texmf-dist/fonts/enc/dvips/base/8r.enc}</usr/local/tex
live/2010/texmf-dist/fonts/type1/public/amsfonts/cm/cmex10.pfb></usr/local/texl
ive/2010/texmf-dist/fonts/type1/public/amsfonts/cm/cmmi10.pfb></usr/local/texli
ve/2010/texmf-dist/fonts/type1/public/amsfonts/cm/cmmi7.pfb></usr/local/texlive
/2010/texmf-dist/fonts/type1/public/amsfonts/cm/cmr10.pfb></usr/local/texlive/2
010/texmf-dist/fonts/type1/public/amsfonts/cm/cmr7.pfb></usr/local/texlive/2010
/texmf-dist/fonts/type1/public/amsfonts/cm/cmsy10.pfb></usr/local/texlive/2010/
texmf-dist/fonts/type1/public/amsfonts/cm/cmsy7.pfb></usr/local/texlive/2010/te
xmf-dist/fonts/type1/urw/courier/ucrr8a.pfb></usr/local/texlive/2010/texmf-dist
/fonts/type1/urw/courier/ucrro8a.pfb></usr/local/texlive/2010/texmf-dist/fonts/
type1/urw/helvetic/uhvr8a.pfb></usr/local/texlive/2010/texmf-dist/fonts/type1/u
rw/times/utmb8a.pfb></usr/local/texlive/2010/texmf-dist/fonts/type1/urw/times/u
tmr8a.pfb></usr/local/texlive/2010/texmf-dist/fonts/type1/urw/times/utmr8a.pfb>
</usr/local/texlive/2010/texmf-dist/fonts/type1/urw/times/utmri8a.pfb>
Output written on Rd2.pdf (25 pages, 203201 bytes).
Transcript written on Rd2.log.
This is pdfTeX, Version 3.1415926-1.40.11 (TeX Live 2010)
 restricted \write18 enabled.
entering extended mode
(./Rd2.tex
LaTeX2e <2009/09/24>
Babel <v3.8l> and hyphenation patterns for english, dumylang, nohyphenation, ge
rman-x-2009-06-19, ngerman-x-2009-06-19, ancientgreek, ibycus, arabic, armenian
, basque, bulgarian, catalan, pinyin, coptic, croatian, czech, danish, dutch, u
kenglish, usenglishmax, esperanto, estonian, farsi, finnish, french, galician, 
german, ngerman, swissgerman, monogreek, greek, hungarian, icelandic, assamese,
 bengali, gujarati, hindi, kannada, malayalam, marathi, oriya, panjabi, tamil, 
telugu, indonesian, interlingua, irish, italian, kurmanji, lao, latin, latvian,
 lithuanian, mongolian, mongolianlmc, bokmal, nynorsk, polish, portuguese, roma
nian, russian, sanskrit, serbian, slovak, slovenian, spanish, swedish, turkish,
 turkmen, ukrainian, uppersorbian, welsh, loaded.

(/usr/local/texlive/2010/texmf-dist/tex/latex/base/book.cls
Document Class: book 2007/10/19 v1.4h Standard LaTeX document class
(/usr/local/texlive/2010/texmf-dist/tex/latex/base/bk10.clo))
(/Library/Frameworks/R.framework/Resources/share/texmf/Rd.sty
(/usr/local/texlive/2010/texmf-dist/tex/latex/base/ifthen.sty)
(/usr/local/texlive/2010/texmf-dist/tex/latex/tools/longtable.sty)
(/usr/local/texlive/2010/texmf-dist/tex/latex/tools/bm.sty)
(/usr/local/texlive/2010/texmf-dist/tex/latex/base/alltt.sty)
(/usr/local/texlive/2010/texmf-dist/tex/latex/tools/verbatim.sty)
(/usr/local/texlive/2010/texmf-dist/tex/latex/url/url.sty)
(/Library/Frameworks/R.framework/Resources/share/texmf/upquote.sty
(/usr/local/texlive/2010/texmf-dist/tex/latex/base/textcomp.sty
(/usr/local/texlive/2010/texmf-dist/tex/latex/base/ts1enc.def)))
NOT loading ae (/usr/local/texlive/2010/texmf-dist/tex/latex/base/fontenc.sty
(/usr/local/texlive/2010/texmf-dist/tex/latex/base/t1enc.def))
(/usr/local/texlive/2010/texmf-dist/tex/latex/psnfss/times.sty)
NOT loading lmodern
(/usr/local/texlive/2010/texmf-dist/tex/latex/graphics/color.sty
(/usr/local/texlive/2010/texmf-dist/tex/latex/latexconfig/color.cfg)
(/usr/local/texlive/2010/texmf-dist/tex/latex/pdftex-def/pdftex.def))
(/usr/local/texlive/2010/texmf-dist/tex/latex/hyperref/hyperref.sty
(/usr/local/texlive/2010/texmf-dist/tex/generic/oberdiek/ltxcmds.sty)
(/usr/local/texlive/2010/texmf-dist/tex/latex/graphics/keyval.sty)
(/usr/local/texlive/2010/texmf-dist/tex/generic/oberdiek/kvsetkeys.sty
(/usr/local/texlive/2010/texmf-dist/tex/generic/oberdiek/infwarerr.sty)
(/usr/local/texlive/2010/texmf-dist/tex/generic/oberdiek/etexcmds.sty))
(/usr/local/texlive/2010/texmf-dist/tex/generic/oberdiek/pdfescape.sty
(/usr/local/texlive/2010/texmf-dist/tex/generic/oberdiek/pdftexcmds.sty
(/usr/local/texlive/2010/texmf-dist/tex/generic/oberdiek/ifluatex.sty)))
(/usr/local/texlive/2010/texmf-dist/tex/generic/oberdiek/ifpdf.sty)
(/usr/local/texlive/2010/texmf-dist/tex/generic/oberdiek/ifvtex.sty)
(/usr/local/texlive/2010/texmf-dist/tex/generic/ifxetex/ifxetex.sty)
(/usr/local/texlive/2010/texmf-dist/tex/latex/oberdiek/hycolor.sty
(/usr/local/texlive/2010/texmf-dist/tex/latex/oberdiek/xcolor-patch.sty))
(/usr/local/texlive/2010/texmf-dist/tex/latex/oberdiek/letltxmacro.sty)
(/usr/local/texlive/2010/texmf-dist/tex/latex/hyperref/pd1enc.def)
(/usr/local/texlive/2010/texmf-dist/tex/generic/oberdiek/intcalc.sty)
(/usr/local/texlive/2010/texmf-dist/tex/latex/latexconfig/hyperref.cfg)
(/usr/local/texlive/2010/texmf-dist/tex/latex/oberdiek/kvoptions.sty)
Implicit mode ON; LaTeX internals redefined
(/usr/local/texlive/2010/texmf-dist/tex/generic/oberdiek/bitset.sty
(/usr/local/texlive/2010/texmf-dist/tex/generic/oberdiek/bigintcalc.sty))
(/usr/local/texlive/2010/texmf-dist/tex/generic/oberdiek/atbegshi.sty))
* hyperref using default driver hpdftex *
(/usr/local/texlive/2010/texmf-dist/tex/latex/hyperref/hpdftex.def
(/usr/local/texlive/2010/texmf-dist/tex/latex/oberdiek/atveryend.sty)
(/usr/local/texlive/2010/texmf-dist/tex/latex/oberdiek/rerunfilecheck.sty
(/usr/local/texlive/2010/texmf-dist/tex/generic/oberdiek/uniquecounter.sty)))

Package hyperref Warning: Option `hyperindex' has already been used,
(hyperref)                setting the option has no effect on input line 327.


Package hyperref Warning: Option `pagebackref' has already been used,
(hyperref)                setting the option has no effect on input line 327.

) (/usr/local/texlive/2010/texmf-dist/tex/latex/base/makeidx.sty)
(/usr/local/texlive/2010/texmf-dist/tex/latex/base/inputenc.sty
(/usr/local/texlive/2010/texmf-dist/tex/latex/base/utf8.def
(/usr/local/texlive/2010/texmf-dist/tex/latex/base/t1enc.dfu)
(/usr/local/texlive/2010/texmf-dist/tex/latex/base/ot1enc.dfu)
(/usr/local/texlive/2010/texmf-dist/tex/latex/base/omsenc.dfu)
(/usr/local/texlive/2010/texmf-dist/tex/latex/base/ts1enc.dfu))
(/usr/local/texlive/2010/texmf-dist/tex/latex/base/latin1.def))
Writing index file Rd2.idx
(./Rd2.aux) (/usr/local/texlive/2010/texmf-dist/tex/latex/base/ts1cmr.fd)
(/usr/local/texlive/2010/texmf-dist/tex/latex/psnfss/t1ptm.fd)
(/usr/local/texlive/2010/texmf-dist/tex/context/base/supp-pdf.mkii
[Loading MPS to PDF converter (version 2006.09.02).]
) (/usr/local/texlive/2010/texmf-dist/tex/latex/hyperref/nameref.sty
(/usr/local/texlive/2010/texmf-dist/tex/latex/oberdiek/refcount.sty)
(/usr/local/texlive/2010/texmf-dist/tex/generic/oberdiek/gettitlestring.sty))
(./Rd2.out) (./Rd2.out)
(/usr/local/texlive/2010/texmf-dist/tex/latex/psnfss/t1pcr.fd)
(/usr/local/texlive/2010/texmf-dist/tex/latex/psnfss/t1phv.fd) (./Rd2.toc)
(/usr/local/texlive/2010/texmf-dist/tex/latex/base/utf8.def) [1{/usr/local/texl
ive/2010/texmf-var/fonts/map/pdftex/updmap/pdftex.map}] [2]
Overfull \hbox (101.58032pt too wide) in paragraph at lines 103--103
 []\T1/pcr/m/n/9 GM<-spregm(log(gsp)~log(pcap)+log(pc)+log(emp)+unemp, data=Pro
duc,w=usaww,method="fulweigh")[] 
(/usr/local/texlive/2010/texmf-dist/tex/latex/base/utf8.def)
(/usr/local/texlive/2010/texmf-dist/tex/latex/psnfss/ts1pcr.fd)
Overfull \hbox (42.78088pt too wide) in paragraph at lines 125--125
 []\T1/pcr/m/n/10 bsjktest(x, data, w, test=c(paste("C",1:3,sep="."),"J"), inde
x=NULL, ...)[] 
[3] (/usr/local/texlive/2010/texmf-dist/tex/latex/base/utf8.def)
Overfull \hbox (138.78088pt too wide) in paragraph at lines 194--194
 []\T1/pcr/m/n/10 bsktest(x, data, w, test=c("SLM1","SLM2","LMJOINT","CLMlambda
","CLMmu"), index=NULL, ...)[] 

Overfull \hbox (1.36067pt too wide) in paragraph at lines 209--210
[]\T1/ptm/m/n/10 one of \T1/pcr/m/n/10 c("SLM1","SLM2","LMJOINT","CLMlambda","C
LMmu")\T1/ptm/m/n/10 , the
[4]
Overfull \hbox (85.38034pt too wide) in paragraph at lines 242--242
 []\T1/pcr/m/n/9 ml2 <- spfeml(fm, data = Produc, , mat2listw(usaww), model = "
error", effects = "pooled")[] 

Overfull \hbox (25.98041pt too wide) in paragraph at lines 244--244
 []\T1/pcr/m/n/9 test5bis<-bsktest(ml2, w=mat2listw(usaww),index=Produc[,c(1,2)
] ,test="CLMmu")[] 
(/usr/local/texlive/2010/texmf-dist/tex/latex/base/utf8.def) [5]
Overfull \hbox (198.78021pt too wide) in paragraph at lines 315--315
 []\T1/pcr/m/n/9 lag <- spfeml(fm, data = Produc, listw = mat2listw(usaww), eff
ects = "sptpfe", method = "eigen", quiet = TRUE)[] 

Overfull \hbox (279.78012pt too wide) in paragraph at lines 319--319
 []\T1/pcr/m/n/9 err <- spfeml(fm, data = Produc, listw = mat2listw(usaww), mod
el = "error", effects = "tpfe", method = "eigen", quiet = TRUE)[] 
(/usr/local/texlive/2010/texmf-dist/tex/latex/base/utf8.def) [6]
(/usr/local/texlive/2010/texmf-dist/tex/latex/base/utf8.def) [7]
Overfull \hbox (198.78021pt too wide) in paragraph at lines 412--412
 []\T1/pcr/m/n/9 lag <- spfeml(fm, data = Produc, listw = mat2listw(usaww), eff
ects = "sptpfe", method = "eigen", quiet = TRUE)[] 

Overfull \hbox (279.78012pt too wide) in paragraph at lines 416--416
 []\T1/pcr/m/n/9 err <- spfeml(fm, data = Produc, listw = mat2listw(usaww), mod
el = "error", effects = "tpfe", method = "eigen", quiet = TRUE)[] 
(/usr/local/texlive/2010/texmf-dist/tex/latex/base/utf8.def)
Overfull \hbox (15.02956pt too wide) in paragraph at lines 461--462
[]\T1/ptm/m/n/10 Giovanni Millo \T1/pcr/m/n/10 <Giovanni\_Millo@Generali.com>\T
1/ptm/m/n/10 , Gi-an-franco Pi-ras\T1/pcr/m/n/10 <gpiras@mac.com> 
[8]
Overfull \hbox (101.58032pt too wide) in paragraph at lines 473--473
 []\T1/pcr/m/n/9 GM<-spregm(log(gsp)~log(pcap)+log(pc)+log(emp)+unemp, data=Pro
duc,w=usaww,method="fulweigh")[] 
(/usr/local/texlive/2010/texmf-dist/tex/latex/base/utf8.def)
Overfull \hbox (786.78088pt too wide) in paragraph at lines 497--497
 []\T1/pcr/m/n/10 spfegm(formula, data=list(), index=NULL, w, method = c("init"
,"fulweigh"), effects=c(\TS1/pcr/m/n/10 '\T1/pcr/m/n/10 pooled\TS1/pcr/m/n/10 '
\T1/pcr/m/n/10 ,\TS1/pcr/m/n/10 '\T1/pcr/m/n/10 spfe\TS1/pcr/m/n/10 '\T1/pcr/m/
n/10 ,\TS1/pcr/m/n/10 '\T1/pcr/m/n/10 tpfe\TS1/pcr/m/n/10 '\T1/pcr/m/n/10 ,\TS1
/pcr/m/n/10 '\T1/pcr/m/n/10 sptpfe\TS1/pcr/m/n/10 '\T1/pcr/m/n/10 ), lag=FALSE,
 endog = NULL, instruments= NULL, verbose = FALSE, control = list())[] 

Overfull \hbox (1.10857pt too wide) in paragraph at lines 512--515
\T1/ptm/m/n/10 (only spa-tial fixed ef-fects), \T1/pcr/m/n/10 "tpfe" \T1/ptm/m/
n/10 (only time pe-riod fixed ef-fects), \T1/pcr/m/n/10 "sptpfe"
[9]
Overfull \hbox (258.18015pt too wide) in paragraph at lines 579--579
 []\T1/pcr/m/n/9 GM<-spfegm(log(gsp)~log(pcap)+log(pc)+log(emp)+unemp-1, data=P
roduc,w=usaww,method="fulweigh", effects=\TS1/pcr/m/n/9 '\T1/pcr/m/n/9 spfe\TS1
/pcr/m/n/9 '\T1/pcr/m/n/9 , lag=FALSE)[] 
[10] (/usr/local/texlive/2010/texmf-dist/tex/latex/base/utf8.def)
Overfull \hbox (1068.78088pt too wide) in paragraph at lines 594--594
 []\T1/pcr/m/n/10 spfeml(formula, data=list(), index=NULL,listw, model=c("lag",
"error"),effects=c(\TS1/pcr/m/n/10 '\T1/pcr/m/n/10 pooled\TS1/pcr/m/n/10 '\T1/p
cr/m/n/10 ,\TS1/pcr/m/n/10 '\T1/pcr/m/n/10 spfe\TS1/pcr/m/n/10 '\T1/pcr/m/n/10 
,\TS1/pcr/m/n/10 '\T1/pcr/m/n/10 tpfe\TS1/pcr/m/n/10 '\T1/pcr/m/n/10 ,\TS1/pcr/
m/n/10 '\T1/pcr/m/n/10 sptpfe\TS1/pcr/m/n/10 '\T1/pcr/m/n/10 ), method="eigen",
na.action=na.fail,quiet=TRUE,zero.policy = NULL,interval = NULL, tol.solve = 1e
-10, control=list(), legacy = FALSE)[] 

Overfull \hbox (1.10857pt too wide) in paragraph at lines 606--609
\T1/ptm/m/n/10 (only spa-tial fixed ef-fects), \T1/pcr/m/n/10 "tpfe" \T1/ptm/m/
n/10 (only time pe-riod fixed ef-fects), \T1/pcr/m/n/10 "sptpfe"
[11]
Overfull \hbox (5.36469pt too wide) in paragraph at lines 631--634
[]\T1/ptm/m/n/10 respectively, where $\OML/cmm/m/it/10 ^^U$ \T1/ptm/m/n/10 is t
he spa-tial au-to-cor-re-la-tion co-ef-fi-cient. Both $\OML/cmm/m/it/10 ^^Z$ \T
1/ptm/m/n/10 and $\OML/cmm/m/it/10 ^^U$ \T1/ptm/m/n/10 are found by [][]\T1/pcr
/m/n/10 optimize[][][]\T1/ptm/m/n/10 ,
[12]
Overfull \hbox (198.78021pt too wide) in paragraph at lines 708--708
 []\T1/pcr/m/n/9 lag <- spfeml(fm, data = Produc, listw = mat2listw(usaww), eff
ects = "sptpfe", method = "eigen", quiet = TRUE)[] 

Overfull \hbox (279.78012pt too wide) in paragraph at lines 711--711
 []\T1/pcr/m/n/9 err <- spfeml(fm, data = Produc, listw = mat2listw(usaww), mod
el = "error", effects = "tpfe", method = "eigen", quiet = TRUE)[] 
(/usr/local/texlive/2010/texmf-dist/tex/latex/base/utf8.def)
Overfull \hbox (582.78088pt too wide) in paragraph at lines 738--738
 []\T1/pcr/m/n/10 spregm(formula, data=list(), index=NULL, w, method = c("init"
, "weigh", "fulweigh"), lag=FALSE, endog = NULL, instruments= NULL, verbose = F
ALSE, control = list())[] 
[13] [14]
Overfull \hbox (101.58032pt too wide) in paragraph at lines 827--827
 []\T1/pcr/m/n/9 GM<-spregm(log(gsp)~log(pcap)+log(pc)+log(emp)+unemp, data=Pro
duc,w=usaww,method="fulweigh")[] 
(/usr/local/texlive/2010/texmf-dist/tex/latex/base/utf8.def)
Overfull \hbox (36.78088pt too wide) in paragraph at lines 859--859
 []           \T1/pcr/m/n/10 errors = c("semsrre","semsr","srre","semre","re","
sr","sem"),[] 
[15]
Overfull \hbox (17.12082pt too wide) in paragraph at lines 875--876
[]\T1/ptm/m/n/10 one of \T1/pcr/m/n/10 c("semsrre","semsr","srre","semre","re",
"sr","sem")\T1/ptm/m/n/10 .
[16] (/usr/local/texlive/2010/texmf-dist/tex/latex/base/utf8.def) [17]
Overfull \hbox (114.78088pt too wide) in paragraph at lines 975--975
 []\T1/pcr/m/n/10 w, method=\TS1/pcr/m/n/10 '\T1/pcr/m/n/10 spatialsim\TS1/pcr/
m/n/10 '\T1/pcr/m/n/10 , lags=NULL, errors=NULL, endogenous=NULL, zero.policy =
 FALSE)[] 

Overfull \hbox (8.2491pt too wide) in paragraph at lines 1016--1019
\T1/ptm/m/n/10 num-ber of ex-plana-tory vari-ables in each equa-tion only when 
\T1/pcr/m/n/10 spec="default"\T1/ptm/m/n/10 ) 
[18]
Overfull \hbox (808.97952pt too wide) in paragraph at lines 1061--1061
 []\T1/pcr/m/n/9 se<-spsegm(formula, data=Produc, w=w, panel= TRUE,lags=list(c(
TRUE,TRUE,TRUE),c(TRUE,TRUE,TRUE),c(TRUE,TRUE,TRUE)), errors=list(FALSE,TRUE,FA
LSE),endogenous=list(c(FALSE,TRUE,FALSE),c(TRUE,FALSE,FALSE),c(TRUE,FALSE,FALSE
)))[] 
(/usr/local/texlive/2010/texmf-dist/tex/latex/base/utf8.def)
Overfull \hbox (6.78088pt too wide) in paragraph at lines 1083--1083
 []\T1/pcr/m/n/10 spseml(formula, data=list(),panel=TRUE,index=NULL,w,method="e
igen",[] 

Overfull \hbox (378.78088pt too wide) in paragraph at lines 1084--1084
 []\T1/pcr/m/n/10 quiet=NULL, model = c("lag","error"), zero.policy=NULL, inter
val=NULL, tol.solve=1.0e-10, trs=NULL, control=list(), initval=NULL)[] 
[19] [20]
Overfull \hbox (150.18027pt too wide) in paragraph at lines 1167--1167
 []\T1/pcr/m/n/9 sur.error<-spseml(formula, data = Produc, w = listw, model = "
error", method = "eigen", quiet = TRUE)[] 

Overfull \hbox (133.98029pt too wide) in paragraph at lines 1169--1169
 []\T1/pcr/m/n/9 sur.lag<-spseml(formula, data = Produc, w = listw, model = "la
g", method = "eigen", quiet = FALSE)[] 
(/usr/local/texlive/2010/texmf-dist/tex/latex/base/utf8.def) [21]
Overfull \hbox (15.02956pt too wide) in paragraph at lines 1217--1218
[]\T1/ptm/m/n/10 Giovanni Millo \T1/pcr/m/n/10 <Giovanni\_Millo@Generali.com>\T
1/ptm/m/n/10 , Gi-an-franco Pi-ras\T1/pcr/m/n/10 <gpiras@mac.com> 

Overfull \hbox (101.58032pt too wide) in paragraph at lines 1230--1230
 []\T1/pcr/m/n/9 GM<-spregm(log(gsp)~log(pcap)+log(pc)+log(emp)+unemp, data=Pro
duc,w=usaww,method="fulweigh")[] 
(/usr/local/texlive/2010/texmf-dist/tex/latex/base/utf8.def)
(/usr/local/texlive/2010/texmf-dist/tex/latex/base/utf8.def)
Overfull \hbox (12.78088pt too wide) in paragraph at lines 1263--1263
 []\T1/pcr/m/n/10 write(x, file = "effects", ncolumns = if (is.character(x)) 1 
else 5,[] 
[22]
Overfull \hbox (198.78021pt too wide) in paragraph at lines 1310--1310
 []\T1/pcr/m/n/9 lag <- spfeml(fm, data = Produc, listw = mat2listw(usaww), eff
ects = "sptpfe", method = "eigen", quiet = TRUE)[] 

Overfull \hbox (279.78012pt too wide) in paragraph at lines 1313--1313
 []\T1/pcr/m/n/9 err <- spfeml(fm, data = Produc, listw = mat2listw(usaww), mod
el = "error", effects = "tpfe", method = "eigen", quiet = TRUE)[] 
[23] (./Rd2.ind [24] [25]) (./Rd2.aux) )
(see the transcript file for additional information)pdfTeX warning (dest): name
{Rfn.nlminb} has been referenced but does not exist, replaced by a fixed one

pdfTeX warning (dest): name{Rfn.effects} has been referenced but does not exist
, replaced by a fixed one

pdfTeX warning (dest): name{Rfn.optimize} has been referenced but does not exis
t, replaced by a fixed one

pdfTeX warning (dest): name{Rfn.Matrix} has been referenced but does not exist,
 replaced by a fixed one

pdfTeX warning (dest): name{Rfn.print.default} has been referenced but does not
 exist, replaced by a fixed one

pdfTeX warning (dest): name{Rfn.data.frame} has been referenced but does not ex
ist, replaced by a fixed one

{/usr/local/texlive/2010/texmf-dist/fonts/enc/dvips/base/8r.enc}</usr/local/tex
live/2010/texmf-dist/fonts/type1/public/amsfonts/cm/cmex10.pfb></usr/local/texl
ive/2010/texmf-dist/fonts/type1/public/amsfonts/cm/cmmi10.pfb></usr/local/texli
ve/2010/texmf-dist/fonts/type1/public/amsfonts/cm/cmmi7.pfb></usr/local/texlive
/2010/texmf-dist/fonts/type1/public/amsfonts/cm/cmr10.pfb></usr/local/texlive/2
010/texmf-dist/fonts/type1/public/amsfonts/cm/cmr7.pfb></usr/local/texlive/2010
/texmf-dist/fonts/type1/public/amsfonts/cm/cmsy10.pfb></usr/local/texlive/2010/
texmf-dist/fonts/type1/public/amsfonts/cm/cmsy7.pfb></usr/local/texlive/2010/te
xmf-dist/fonts/type1/urw/courier/ucrr8a.pfb></usr/local/texlive/2010/texmf-dist
/fonts/type1/urw/courier/ucrro8a.pfb></usr/local/texlive/2010/texmf-dist/fonts/
type1/urw/helvetic/uhvr8a.pfb></usr/local/texlive/2010/texmf-dist/fonts/type1/u
rw/times/utmb8a.pfb></usr/local/texlive/2010/texmf-dist/fonts/type1/urw/times/u
tmr8a.pfb></usr/local/texlive/2010/texmf-dist/fonts/type1/urw/times/utmr8a.pfb>
</usr/local/texlive/2010/texmf-dist/fonts/type1/urw/times/utmri8a.pfb>
Output written on Rd2.pdf (25 pages, 203427 bytes).
Transcript written on Rd2.log.
This is pdfTeX, Version 3.1415926-1.40.11 (TeX Live 2010)
 restricted \write18 enabled.
entering extended mode
(./Rd2.tex
LaTeX2e <2009/09/24>
Babel <v3.8l> and hyphenation patterns for english, dumylang, nohyphenation, ge
rman-x-2009-06-19, ngerman-x-2009-06-19, ancientgreek, ibycus, arabic, armenian
, basque, bulgarian, catalan, pinyin, coptic, croatian, czech, danish, dutch, u
kenglish, usenglishmax, esperanto, estonian, farsi, finnish, french, galician, 
german, ngerman, swissgerman, monogreek, greek, hungarian, icelandic, assamese,
 bengali, gujarati, hindi, kannada, malayalam, marathi, oriya, panjabi, tamil, 
telugu, indonesian, interlingua, irish, italian, kurmanji, lao, latin, latvian,
 lithuanian, mongolian, mongolianlmc, bokmal, nynorsk, polish, portuguese, roma
nian, russian, sanskrit, serbian, slovak, slovenian, spanish, swedish, turkish,
 turkmen, ukrainian, uppersorbian, welsh, loaded.

(/usr/local/texlive/2010/texmf-dist/tex/latex/base/book.cls
Document Class: book 2007/10/19 v1.4h Standard LaTeX document class
(/usr/local/texlive/2010/texmf-dist/tex/latex/base/bk10.clo))
(/Library/Frameworks/R.framework/Resources/share/texmf/Rd.sty
(/usr/local/texlive/2010/texmf-dist/tex/latex/base/ifthen.sty)
(/usr/local/texlive/2010/texmf-dist/tex/latex/tools/longtable.sty)
(/usr/local/texlive/2010/texmf-dist/tex/latex/tools/bm.sty)
(/usr/local/texlive/2010/texmf-dist/tex/latex/base/alltt.sty)
(/usr/local/texlive/2010/texmf-dist/tex/latex/tools/verbatim.sty)
(/usr/local/texlive/2010/texmf-dist/tex/latex/url/url.sty)
(/Library/Frameworks/R.framework/Resources/share/texmf/upquote.sty
(/usr/local/texlive/2010/texmf-dist/tex/latex/base/textcomp.sty
(/usr/local/texlive/2010/texmf-dist/tex/latex/base/ts1enc.def)))
NOT loading ae (/usr/local/texlive/2010/texmf-dist/tex/latex/base/fontenc.sty
(/usr/local/texlive/2010/texmf-dist/tex/latex/base/t1enc.def))
(/usr/local/texlive/2010/texmf-dist/tex/latex/psnfss/times.sty)
NOT loading lmodern
(/usr/local/texlive/2010/texmf-dist/tex/latex/graphics/color.sty
(/usr/local/texlive/2010/texmf-dist/tex/latex/latexconfig/color.cfg)
(/usr/local/texlive/2010/texmf-dist/tex/latex/pdftex-def/pdftex.def))
(/usr/local/texlive/2010/texmf-dist/tex/latex/hyperref/hyperref.sty
(/usr/local/texlive/2010/texmf-dist/tex/generic/oberdiek/ltxcmds.sty)
(/usr/local/texlive/2010/texmf-dist/tex/latex/graphics/keyval.sty)
(/usr/local/texlive/2010/texmf-dist/tex/generic/oberdiek/kvsetkeys.sty
(/usr/local/texlive/2010/texmf-dist/tex/generic/oberdiek/infwarerr.sty)
(/usr/local/texlive/2010/texmf-dist/tex/generic/oberdiek/etexcmds.sty))
(/usr/local/texlive/2010/texmf-dist/tex/generic/oberdiek/pdfescape.sty
(/usr/local/texlive/2010/texmf-dist/tex/generic/oberdiek/pdftexcmds.sty
(/usr/local/texlive/2010/texmf-dist/tex/generic/oberdiek/ifluatex.sty)))
(/usr/local/texlive/2010/texmf-dist/tex/generic/oberdiek/ifpdf.sty)
(/usr/local/texlive/2010/texmf-dist/tex/generic/oberdiek/ifvtex.sty)
(/usr/local/texlive/2010/texmf-dist/tex/generic/ifxetex/ifxetex.sty)
(/usr/local/texlive/2010/texmf-dist/tex/latex/oberdiek/hycolor.sty
(/usr/local/texlive/2010/texmf-dist/tex/latex/oberdiek/xcolor-patch.sty))
(/usr/local/texlive/2010/texmf-dist/tex/latex/oberdiek/letltxmacro.sty)
(/usr/local/texlive/2010/texmf-dist/tex/latex/hyperref/pd1enc.def)
(/usr/local/texlive/2010/texmf-dist/tex/generic/oberdiek/intcalc.sty)
(/usr/local/texlive/2010/texmf-dist/tex/latex/latexconfig/hyperref.cfg)
(/usr/local/texlive/2010/texmf-dist/tex/latex/oberdiek/kvoptions.sty)
Implicit mode ON; LaTeX internals redefined
(/usr/local/texlive/2010/texmf-dist/tex/generic/oberdiek/bitset.sty
(/usr/local/texlive/2010/texmf-dist/tex/generic/oberdiek/bigintcalc.sty))
(/usr/local/texlive/2010/texmf-dist/tex/generic/oberdiek/atbegshi.sty))
* hyperref using default driver hpdftex *
(/usr/local/texlive/2010/texmf-dist/tex/latex/hyperref/hpdftex.def
(/usr/local/texlive/2010/texmf-dist/tex/latex/oberdiek/atveryend.sty)
(/usr/local/texlive/2010/texmf-dist/tex/latex/oberdiek/rerunfilecheck.sty
(/usr/local/texlive/2010/texmf-dist/tex/generic/oberdiek/uniquecounter.sty)))

Package hyperref Warning: Option `hyperindex' has already been used,
(hyperref)                setting the option has no effect on input line 327.


Package hyperref Warning: Option `pagebackref' has already been used,
(hyperref)                setting the option has no effect on input line 327.

) (/usr/local/texlive/2010/texmf-dist/tex/latex/base/makeidx.sty)
(/usr/local/texlive/2010/texmf-dist/tex/latex/base/inputenc.sty
(/usr/local/texlive/2010/texmf-dist/tex/latex/base/utf8.def
(/usr/local/texlive/2010/texmf-dist/tex/latex/base/t1enc.dfu)
(/usr/local/texlive/2010/texmf-dist/tex/latex/base/ot1enc.dfu)
(/usr/local/texlive/2010/texmf-dist/tex/latex/base/omsenc.dfu)
(/usr/local/texlive/2010/texmf-dist/tex/latex/base/ts1enc.dfu))
(/usr/local/texlive/2010/texmf-dist/tex/latex/base/latin1.def))
Writing index file Rd2.idx
(./Rd2.aux) (/usr/local/texlive/2010/texmf-dist/tex/latex/base/ts1cmr.fd)
(/usr/local/texlive/2010/texmf-dist/tex/latex/psnfss/t1ptm.fd)
(/usr/local/texlive/2010/texmf-dist/tex/context/base/supp-pdf.mkii
[Loading MPS to PDF converter (version 2006.09.02).]
) (/usr/local/texlive/2010/texmf-dist/tex/latex/hyperref/nameref.sty
(/usr/local/texlive/2010/texmf-dist/tex/latex/oberdiek/refcount.sty)
(/usr/local/texlive/2010/texmf-dist/tex/generic/oberdiek/gettitlestring.sty))
(./Rd2.out) (./Rd2.out)
(/usr/local/texlive/2010/texmf-dist/tex/latex/psnfss/t1pcr.fd)
(/usr/local/texlive/2010/texmf-dist/tex/latex/psnfss/t1phv.fd) (./Rd2.toc)
(/usr/local/texlive/2010/texmf-dist/tex/latex/base/utf8.def) [1{/usr/local/texl
ive/2010/texmf-var/fonts/map/pdftex/updmap/pdftex.map}] [2]
Overfull \hbox (101.58032pt too wide) in paragraph at lines 103--103
 []\T1/pcr/m/n/9 GM<-spregm(log(gsp)~log(pcap)+log(pc)+log(emp)+unemp, data=Pro
duc,w=usaww,method="fulweigh")[] 
(/usr/local/texlive/2010/texmf-dist/tex/latex/base/utf8.def)
(/usr/local/texlive/2010/texmf-dist/tex/latex/psnfss/ts1pcr.fd)
Overfull \hbox (42.78088pt too wide) in paragraph at lines 125--125
 []\T1/pcr/m/n/10 bsjktest(x, data, w, test=c(paste("C",1:3,sep="."),"J"), inde
x=NULL, ...)[] 
[3] (/usr/local/texlive/2010/texmf-dist/tex/latex/base/utf8.def)
Overfull \hbox (138.78088pt too wide) in paragraph at lines 194--194
 []\T1/pcr/m/n/10 bsktest(x, data, w, test=c("SLM1","SLM2","LMJOINT","CLMlambda
","CLMmu"), index=NULL, ...)[] 

Overfull \hbox (1.36067pt too wide) in paragraph at lines 209--210
[]\T1/ptm/m/n/10 one of \T1/pcr/m/n/10 c("SLM1","SLM2","LMJOINT","CLMlambda","C
LMmu")\T1/ptm/m/n/10 , the
[4]
Overfull \hbox (85.38034pt too wide) in paragraph at lines 242--242
 []\T1/pcr/m/n/9 ml2 <- spfeml(fm, data = Produc, , mat2listw(usaww), model = "
error", effects = "pooled")[] 

Overfull \hbox (25.98041pt too wide) in paragraph at lines 244--244
 []\T1/pcr/m/n/9 test5bis<-bsktest(ml2, w=mat2listw(usaww),index=Produc[,c(1,2)
] ,test="CLMmu")[] 
(/usr/local/texlive/2010/texmf-dist/tex/latex/base/utf8.def) [5]
Overfull \hbox (198.78021pt too wide) in paragraph at lines 315--315
 []\T1/pcr/m/n/9 lag <- spfeml(fm, data = Produc, listw = mat2listw(usaww), eff
ects = "sptpfe", method = "eigen", quiet = TRUE)[] 

Overfull \hbox (279.78012pt too wide) in paragraph at lines 319--319
 []\T1/pcr/m/n/9 err <- spfeml(fm, data = Produc, listw = mat2listw(usaww), mod
el = "error", effects = "tpfe", method = "eigen", quiet = TRUE)[] 
(/usr/local/texlive/2010/texmf-dist/tex/latex/base/utf8.def) [6]
(/usr/local/texlive/2010/texmf-dist/tex/latex/base/utf8.def) [7]
Overfull \hbox (198.78021pt too wide) in paragraph at lines 412--412
 []\T1/pcr/m/n/9 lag <- spfeml(fm, data = Produc, listw = mat2listw(usaww), eff
ects = "sptpfe", method = "eigen", quiet = TRUE)[] 

Overfull \hbox (279.78012pt too wide) in paragraph at lines 416--416
 []\T1/pcr/m/n/9 err <- spfeml(fm, data = Produc, listw = mat2listw(usaww), mod
el = "error", effects = "tpfe", method = "eigen", quiet = TRUE)[] 
(/usr/local/texlive/2010/texmf-dist/tex/latex/base/utf8.def)
Overfull \hbox (15.02956pt too wide) in paragraph at lines 461--462
[]\T1/ptm/m/n/10 Giovanni Millo \T1/pcr/m/n/10 <Giovanni\_Millo@Generali.com>\T
1/ptm/m/n/10 , Gi-an-franco Pi-ras\T1/pcr/m/n/10 <gpiras@mac.com> 
[8]
Overfull \hbox (101.58032pt too wide) in paragraph at lines 473--473
 []\T1/pcr/m/n/9 GM<-spregm(log(gsp)~log(pcap)+log(pc)+log(emp)+unemp, data=Pro
duc,w=usaww,method="fulweigh")[] 
(/usr/local/texlive/2010/texmf-dist/tex/latex/base/utf8.def)
Overfull \hbox (786.78088pt too wide) in paragraph at lines 497--497
 []\T1/pcr/m/n/10 spfegm(formula, data=list(), index=NULL, w, method = c("init"
,"fulweigh"), effects=c(\TS1/pcr/m/n/10 '\T1/pcr/m/n/10 pooled\TS1/pcr/m/n/10 '
\T1/pcr/m/n/10 ,\TS1/pcr/m/n/10 '\T1/pcr/m/n/10 spfe\TS1/pcr/m/n/10 '\T1/pcr/m/
n/10 ,\TS1/pcr/m/n/10 '\T1/pcr/m/n/10 tpfe\TS1/pcr/m/n/10 '\T1/pcr/m/n/10 ,\TS1
/pcr/m/n/10 '\T1/pcr/m/n/10 sptpfe\TS1/pcr/m/n/10 '\T1/pcr/m/n/10 ), lag=FALSE,
 endog = NULL, instruments= NULL, verbose = FALSE, control = list())[] 

Overfull \hbox (1.10857pt too wide) in paragraph at lines 512--515
\T1/ptm/m/n/10 (only spa-tial fixed ef-fects), \T1/pcr/m/n/10 "tpfe" \T1/ptm/m/
n/10 (only time pe-riod fixed ef-fects), \T1/pcr/m/n/10 "sptpfe"
[9]
Overfull \hbox (258.18015pt too wide) in paragraph at lines 579--579
 []\T1/pcr/m/n/9 GM<-spfegm(log(gsp)~log(pcap)+log(pc)+log(emp)+unemp-1, data=P
roduc,w=usaww,method="fulweigh", effects=\TS1/pcr/m/n/9 '\T1/pcr/m/n/9 spfe\TS1
/pcr/m/n/9 '\T1/pcr/m/n/9 , lag=FALSE)[] 
[10] (/usr/local/texlive/2010/texmf-dist/tex/latex/base/utf8.def)
Overfull \hbox (1068.78088pt too wide) in paragraph at lines 594--594
 []\T1/pcr/m/n/10 spfeml(formula, data=list(), index=NULL,listw, model=c("lag",
"error"),effects=c(\TS1/pcr/m/n/10 '\T1/pcr/m/n/10 pooled\TS1/pcr/m/n/10 '\T1/p
cr/m/n/10 ,\TS1/pcr/m/n/10 '\T1/pcr/m/n/10 spfe\TS1/pcr/m/n/10 '\T1/pcr/m/n/10 
,\TS1/pcr/m/n/10 '\T1/pcr/m/n/10 tpfe\TS1/pcr/m/n/10 '\T1/pcr/m/n/10 ,\TS1/pcr/
m/n/10 '\T1/pcr/m/n/10 sptpfe\TS1/pcr/m/n/10 '\T1/pcr/m/n/10 ), method="eigen",
na.action=na.fail,quiet=TRUE,zero.policy = NULL,interval = NULL, tol.solve = 1e
-10, control=list(), legacy = FALSE)[] 

Overfull \hbox (1.10857pt too wide) in paragraph at lines 606--609
\T1/ptm/m/n/10 (only spa-tial fixed ef-fects), \T1/pcr/m/n/10 "tpfe" \T1/ptm/m/
n/10 (only time pe-riod fixed ef-fects), \T1/pcr/m/n/10 "sptpfe"
[11]
Overfull \hbox (5.36469pt too wide) in paragraph at lines 631--634
[]\T1/ptm/m/n/10 respectively, where $\OML/cmm/m/it/10 ^^U$ \T1/ptm/m/n/10 is t
he spa-tial au-to-cor-re-la-tion co-ef-fi-cient. Both $\OML/cmm/m/it/10 ^^Z$ \T
1/ptm/m/n/10 and $\OML/cmm/m/it/10 ^^U$ \T1/ptm/m/n/10 are found by [][]\T1/pcr
/m/n/10 optimize[][][]\T1/ptm/m/n/10 ,
[12]
Overfull \hbox (198.78021pt too wide) in paragraph at lines 708--708
 []\T1/pcr/m/n/9 lag <- spfeml(fm, data = Produc, listw = mat2listw(usaww), eff
ects = "sptpfe", method = "eigen", quiet = TRUE)[] 

Overfull \hbox (279.78012pt too wide) in paragraph at lines 711--711
 []\T1/pcr/m/n/9 err <- spfeml(fm, data = Produc, listw = mat2listw(usaww), mod
el = "error", effects = "tpfe", method = "eigen", quiet = TRUE)[] 
(/usr/local/texlive/2010/texmf-dist/tex/latex/base/utf8.def)
Overfull \hbox (582.78088pt too wide) in paragraph at lines 738--738
 []\T1/pcr/m/n/10 spregm(formula, data=list(), index=NULL, w, method = c("init"
, "weigh", "fulweigh"), lag=FALSE, endog = NULL, instruments= NULL, verbose = F
ALSE, control = list())[] 
[13] [14]
Overfull \hbox (101.58032pt too wide) in paragraph at lines 827--827
 []\T1/pcr/m/n/9 GM<-spregm(log(gsp)~log(pcap)+log(pc)+log(emp)+unemp, data=Pro
duc,w=usaww,method="fulweigh")[] 
(/usr/local/texlive/2010/texmf-dist/tex/latex/base/utf8.def)
Overfull \hbox (36.78088pt too wide) in paragraph at lines 859--859
 []           \T1/pcr/m/n/10 errors = c("semsrre","semsr","srre","semre","re","
sr","sem"),[] 
[15]
Overfull \hbox (17.12082pt too wide) in paragraph at lines 875--876
[]\T1/ptm/m/n/10 one of \T1/pcr/m/n/10 c("semsrre","semsr","srre","semre","re",
"sr","sem")\T1/ptm/m/n/10 .
[16] (/usr/local/texlive/2010/texmf-dist/tex/latex/base/utf8.def) [17]
Overfull \hbox (114.78088pt too wide) in paragraph at lines 975--975
 []\T1/pcr/m/n/10 w, method=\TS1/pcr/m/n/10 '\T1/pcr/m/n/10 spatialsim\TS1/pcr/
m/n/10 '\T1/pcr/m/n/10 , lags=NULL, errors=NULL, endogenous=NULL, zero.policy =
 FALSE)[] 

Overfull \hbox (8.2491pt too wide) in paragraph at lines 1016--1019
\T1/ptm/m/n/10 num-ber of ex-plana-tory vari-ables in each equa-tion only when 
\T1/pcr/m/n/10 spec="default"\T1/ptm/m/n/10 ) 
[18]
Overfull \hbox (808.97952pt too wide) in paragraph at lines 1061--1061
 []\T1/pcr/m/n/9 se<-spsegm(formula, data=Produc, w=w, panel= TRUE,lags=list(c(
TRUE,TRUE,TRUE),c(TRUE,TRUE,TRUE),c(TRUE,TRUE,TRUE)), errors=list(FALSE,TRUE,FA
LSE),endogenous=list(c(FALSE,TRUE,FALSE),c(TRUE,FALSE,FALSE),c(TRUE,FALSE,FALSE
)))[] 
(/usr/local/texlive/2010/texmf-dist/tex/latex/base/utf8.def)
Overfull \hbox (6.78088pt too wide) in paragraph at lines 1083--1083
 []\T1/pcr/m/n/10 spseml(formula, data=list(),panel=TRUE,index=NULL,w,method="e
igen",[] 

Overfull \hbox (378.78088pt too wide) in paragraph at lines 1084--1084
 []\T1/pcr/m/n/10 quiet=NULL, model = c("lag","error"), zero.policy=NULL, inter
val=NULL, tol.solve=1.0e-10, trs=NULL, control=list(), initval=NULL)[] 
[19] [20]
Overfull \hbox (150.18027pt too wide) in paragraph at lines 1167--1167
 []\T1/pcr/m/n/9 sur.error<-spseml(formula, data = Produc, w = listw, model = "
error", method = "eigen", quiet = TRUE)[] 

Overfull \hbox (133.98029pt too wide) in paragraph at lines 1169--1169
 []\T1/pcr/m/n/9 sur.lag<-spseml(formula, data = Produc, w = listw, model = "la
g", method = "eigen", quiet = FALSE)[] 
(/usr/local/texlive/2010/texmf-dist/tex/latex/base/utf8.def) [21]
Overfull \hbox (15.02956pt too wide) in paragraph at lines 1217--1218
[]\T1/ptm/m/n/10 Giovanni Millo \T1/pcr/m/n/10 <Giovanni\_Millo@Generali.com>\T
1/ptm/m/n/10 , Gi-an-franco Pi-ras\T1/pcr/m/n/10 <gpiras@mac.com> 

Overfull \hbox (101.58032pt too wide) in paragraph at lines 1230--1230
 []\T1/pcr/m/n/9 GM<-spregm(log(gsp)~log(pcap)+log(pc)+log(emp)+unemp, data=Pro
duc,w=usaww,method="fulweigh")[] 
(/usr/local/texlive/2010/texmf-dist/tex/latex/base/utf8.def)
(/usr/local/texlive/2010/texmf-dist/tex/latex/base/utf8.def)
Overfull \hbox (12.78088pt too wide) in paragraph at lines 1263--1263
 []\T1/pcr/m/n/10 write(x, file = "effects", ncolumns = if (is.character(x)) 1 
else 5,[] 
[22]
Overfull \hbox (198.78021pt too wide) in paragraph at lines 1310--1310
 []\T1/pcr/m/n/9 lag <- spfeml(fm, data = Produc, listw = mat2listw(usaww), eff
ects = "sptpfe", method = "eigen", quiet = TRUE)[] 

Overfull \hbox (279.78012pt too wide) in paragraph at lines 1313--1313
 []\T1/pcr/m/n/9 err <- spfeml(fm, data = Produc, listw = mat2listw(usaww), mod
el = "error", effects = "tpfe", method = "eigen", quiet = TRUE)[] 
[23] (./Rd2.ind [24] [25]) (./Rd2.aux) )
(see the transcript file for additional information)pdfTeX warning (dest): name
{Rfn.nlminb} has been referenced but does not exist, replaced by a fixed one

pdfTeX warning (dest): name{Rfn.effects} has been referenced but does not exist
, replaced by a fixed one

pdfTeX warning (dest): name{Rfn.optimize} has been referenced but does not exis
t, replaced by a fixed one

pdfTeX warning (dest): name{Rfn.Matrix} has been referenced but does not exist,
 replaced by a fixed one

pdfTeX warning (dest): name{Rfn.print.default} has been referenced but does not
 exist, replaced by a fixed one

pdfTeX warning (dest): name{Rfn.data.frame} has been referenced but does not ex
ist, replaced by a fixed one

{/usr/local/texlive/2010/texmf-dist/fonts/enc/dvips/base/8r.enc}</usr/local/tex
live/2010/texmf-dist/fonts/type1/public/amsfonts/cm/cmex10.pfb></usr/local/texl
ive/2010/texmf-dist/fonts/type1/public/amsfonts/cm/cmmi10.pfb></usr/local/texli
ve/2010/texmf-dist/fonts/type1/public/amsfonts/cm/cmmi7.pfb></usr/local/texlive
/2010/texmf-dist/fonts/type1/public/amsfonts/cm/cmr10.pfb></usr/local/texlive/2
010/texmf-dist/fonts/type1/public/amsfonts/cm/cmr7.pfb></usr/local/texlive/2010
/texmf-dist/fonts/type1/public/amsfonts/cm/cmsy10.pfb></usr/local/texlive/2010/
texmf-dist/fonts/type1/public/amsfonts/cm/cmsy7.pfb></usr/local/texlive/2010/te
xmf-dist/fonts/type1/urw/courier/ucrr8a.pfb></usr/local/texlive/2010/texmf-dist
/fonts/type1/urw/courier/ucrro8a.pfb></usr/local/texlive/2010/texmf-dist/fonts/
type1/urw/helvetic/uhvr8a.pfb></usr/local/texlive/2010/texmf-dist/fonts/type1/u
rw/times/utmb8a.pfb></usr/local/texlive/2010/texmf-dist/fonts/type1/urw/times/u
tmr8a.pfb></usr/local/texlive/2010/texmf-dist/fonts/type1/urw/times/utmr8a.pfb>
</usr/local/texlive/2010/texmf-dist/fonts/type1/urw/times/utmri8a.pfb>
Output written on Rd2.pdf (25 pages, 203427 bytes).
Transcript written on Rd2.log.
Saving output to 'splm-manual.pdf' ...
Done
You may want to clean up by 'rm -rf /var/folders/4C/4C0mFSYlGkqw0Sr1l63KNk+++TI/-Tmp-//Rd2dvi444028555'
